2021-06-14 20:31:24,513 - LennoxQA -INFO - QA Application is successfully launched
2021-06-14 20:31:28,902 - LennoxQA -INFO - Login Info
2021-06-14 20:31:29,129 - LennoxQA -INFO - Entered username
2021-06-14 20:31:29,295 - LennoxQA -INFO - Entered password
2021-06-14 20:31:34,936 - LennoxQA -INFO - Login test passed
2021-06-14 20:31:45,402 - LennoxQA -INFO - QA Application is successfully launched
2021-06-14 20:31:50,452 - LennoxQA -INFO - Login Info
2021-06-14 20:31:50,643 - LennoxQA -INFO - Entered username
2021-06-14 20:31:50,783 - LennoxQA -INFO - Entered password
2021-06-14 20:31:55,048 - LennoxQA -INFO - Login test passed
2021-06-14 20:31:58,314 - LennoxQA -INFO - Main menu selected successfully
2021-06-14 20:32:03,929 - LennoxQA -INFO - Sub menu selected successfully
2021-06-14 20:32:07,489 - LennoxQA -INFO - Page Navigation done successfully
2021-06-14 20:32:07,888 - LennoxQA -INFO - Navigation test passed
2021-06-14 20:36:07,089 - LennoxQA -INFO - QA Application is successfully launched
2021-06-14 20:36:12,359 - LennoxQA -INFO - Login Info
2021-06-14 20:36:12,592 - LennoxQA -INFO - Entered username
2021-06-14 20:36:12,736 - LennoxQA -INFO - Entered password
2021-06-14 20:36:16,765 - LennoxQA -INFO - Login test passed
2021-06-14 20:36:19,999 - LennoxQA -INFO - Main menu selected successfully
2021-06-14 20:36:27,224 - LennoxQA -INFO - Sub menu selected successfully
2021-06-14 20:36:31,533 - LennoxQA -INFO - Page Navigation done successfully
2021-06-14 20:36:31,896 - LennoxQA -INFO - Navigation test passed
